<?xml version="1.0" encoding="UTF-8"?>
<!-- Generated by org.testng.reporters.JUnitReportReporter -->
<testsuite hostname="BRAGIN2" name="com.example.tests.ContactDeleteTests" tests="1" failures="0" timestamp="15 Jul 2015 12:29:50 GMT" time="2.793" errors="0">
  <testcase name="testDeleteContact" time="2.793" classname="com.example.tests.ContactDeleteTests"/>
</testsuite> <!-- com.example.tests.ContactDeleteTests -->
