<?xml version="1.0" encoding="UTF-8"?>
<!-- Generated by org.testng.reporters.JUnitReportReporter -->
<testsuite hostname="BRAGIN2" name="com.example.tests.GroupCreationTests" tests="6" failures="0" timestamp="15 Jul 2015 11:56:00 GMT" time="4.363" errors="0">
  <testcase name="testGroupWithValidDataCreation" time="0.588" classname="com.example.tests.GroupCreationTests"/>
  <testcase name="testGroupWithValidDataCreation" time="0.647" classname="com.example.tests.GroupCreationTests"/>
  <testcase name="testGroupWithValidDataCreation" time="0.621" classname="com.example.tests.GroupCreationTests"/>
  <testcase name="testGroupWithValidDataCreation" time="0.807" classname="com.example.tests.GroupCreationTests"/>
  <testcase name="testGroupWithInalidDataCreation" time="1.066" classname="com.example.tests.GroupCreationTests"/>
  <testcase name="testGroupWithValidDataCreation" time="0.634" classname="com.example.tests.GroupCreationTests"/>
</testsuite> <!-- com.example.tests.GroupCreationTests -->
