<?xml version="1.0" encoding="UTF-8"?>
<!-- Generated by org.testng.reporters.JUnitReportReporter -->
<testsuite hostname="BRAGIN2" name="com.example.tests.GroupDeleteTests" tests="1" failures="0" timestamp="1 Jul 2015 08:14:36 GMT" time="1.955" errors="0">
  <testcase name="deleteGroup" time="1.955" classname="com.example.tests.GroupDeleteTests"/>
</testsuite> <!-- com.example.tests.GroupDeleteTests -->
