<?xml version="1.0" encoding="UTF-8"?>
<!-- Generated by org.testng.reporters.JUnitReportReporter -->
<testsuite hostname="BRAGIN2" name="com.example.tests.GroupCreationTests" tests="2" failures="0" timestamp="24 Jun 2015 17:27:30 GMT" time="4.470" errors="0">
  <testcase name="testNonEmptyGroupCreation" time="2.366" classname="com.example.tests.GroupCreationTests"/>
  <testcase name="testEmptyGroupCreation" time="2.104" classname="com.example.tests.GroupCreationTests"/>
</testsuite> <!-- com.example.tests.GroupCreationTests -->
