<?xml version="1.0" encoding="UTF-8"?>
<!-- Generated by org.testng.reporters.JUnitReportReporter -->
<testsuite hostname="BRAGIN2" name="com.example.tests.ContactCreationTests" tests="2" failures="0" timestamp="1 Jul 2015 08:15:16 GMT" time="3.025" errors="0">
  <testcase name="testAddNonEmptyContact" time="1.749" classname="com.example.tests.ContactCreationTests"/>
  <testcase name="testAddEmptyContact" time="1.276" classname="com.example.tests.ContactCreationTests"/>
</testsuite> <!-- com.example.tests.ContactCreationTests -->
