<?xml version="1.0" encoding="UTF-8"?>
<!-- Generated by org.testng.reporters.JUnitReportReporter -->
<testsuite hostname="BRAGIN2" name="com.example.tests.ContactsCreationTests" tests="2" failures="0" timestamp="24 Jun 2015 17:27:30 GMT" time="2.847" errors="0">
  <testcase name="testNonEmptyGroupCreation" time="1.395" classname="com.example.tests.ContactsCreationTests"/>
  <testcase name="testEmptyGroupCreation" time="1.452" classname="com.example.tests.ContactsCreationTests"/>
</testsuite> <!-- com.example.tests.ContactsCreationTests -->
