<?xml version="1.0" encoding="UTF-8"?>
<!-- Generated by org.testng.reporters.JUnitReportReporter -->
<testsuite hostname="BRAGIN2" name="com.example.tests.ContactPreviewTests" tests="3" failures="0" timestamp="1 Jul 2015 20:26:02 GMT" time="6.202" errors="0">
  <testcase name="testSearchContact" time="0.288" classname="com.example.tests.ContactPreviewTests"/>
  <testcase name="testCheckContactMainPage" time="5.158" classname="com.example.tests.ContactPreviewTests"/>
  <testcase name="testSortByGroupContact" time="0.756" classname="com.example.tests.ContactPreviewTests"/>
</testsuite> <!-- com.example.tests.ContactPreviewTests -->
