<?xml version="1.0" encoding="UTF-8"?>
<!-- Generated by org.testng.reporters.JUnitReportReporter -->
<testsuite hostname="BRAGIN2" name="com.example.tests.GroupEditTests" tests="1" failures="0" timestamp="1 Jul 2015 08:10:31 GMT" time="3.955" errors="0">
  <testcase name="testGriopEdit" time="3.955" classname="com.example.tests.GroupEditTests"/>
</testsuite> <!-- com.example.tests.GroupEditTests -->
