<?xml version="1.0" encoding="UTF-8"?>
<!-- Generated by org.testng.reporters.JUnitReportReporter -->
<testsuite hostname="BRAGIN2" name="com.example.tests.GroupCreationTests" tests="2" failures="0" timestamp="25 Jun 2015 13:37:06 GMT" time="3.045" errors="0">
  <testcase name="testNonEmptyGroupCreation" time="1.339" classname="com.example.tests.GroupCreationTests"/>
  <testcase name="testEmptyGroupCreation" time="1.706" classname="com.example.tests.GroupCreationTests"/>
</testsuite> <!-- com.example.tests.GroupCreationTests -->
