<?xml version="1.0" encoding="UTF-8"?>
<!-- Generated by org.testng.reporters.JUnitReportReporter -->
<testsuite hostname="BRAGIN2" name="com.example.tests.GroupDeleteTests" tests="2" failures="0" timestamp="15 Jul 2015 11:56:00 GMT" time="14.330" errors="0">
  <testcase name="deleteSeveralGroups" time="2.922" classname="com.example.tests.GroupDeleteTests"/>
  <testcase name="deleteOneGroup" time="11.408" classname="com.example.tests.GroupDeleteTests"/>
</testsuite> <!-- com.example.tests.GroupDeleteTests -->
