<?xml version="1.0" encoding="UTF-8"?>
<!-- Generated by org.testng.reporters.JUnitReportReporter -->
<testsuite hostname="BRAGIN2" name="com.example.tests.ContactsCreationTests" tests="2" failures="0" timestamp="25 Jun 2015 13:37:06 GMT" time="3.787" errors="0">
  <testcase name="testAddEmptyContact" time="2.044" classname="com.example.tests.ContactsCreationTests"/>
  <testcase name="testAddNonEmptyContact" time="1.743" classname="com.example.tests.ContactsCreationTests"/>
</testsuite> <!-- com.example.tests.ContactsCreationTests -->
